2015-11-16 16:38:06,709 - Log4JLogChute initialized using file 'velocity.log'
2015-11-16 16:38:06,711 - Velocity was not initialized! Calling init()...
2015-11-16 16:38:06,711 - Starting Apache Velocity v1.5 (compiled: 2007-02-22 08:52:29)
2015-11-16 16:38:06,711 - Default Properties File: org\apache\velocity\runtime\defaults\velocity.properties
2015-11-16 16:38:06,711 - Trying to use logger class org.apache.velocity.runtime.log.AvalonLogChute
2015-11-16 16:38:06,713 - Couldn't find class org.apache.velocity.runtime.log.AvalonLogChute or necessary supporting classes in classpath.
java.lang.NoClassDefFoundError: org/apache/log/format/Formatter
	at java.lang.Class.forName0(Native Method)
	at java.lang.Class.forName(Class.java:348)
	at org.apache.velocity.util.ClassUtils.getClass(ClassUtils.java:63)
	at org.apache.velocity.util.ClassUtils.getNewInstance(ClassUtils.java:95)
	at org.apache.velocity.runtime.log.LogManager.createLogChute(LogManager.java:147)
	at org.apache.velocity.runtime.log.LogManager.updateLog(LogManager.java:208)
	at org.apache.velocity.runtime.RuntimeInstance.initializeLog(RuntimeInstance.java:728)
	at org.apache.velocity.runtime.RuntimeInstance.init(RuntimeInstance.java:240)
	at org.apache.velocity.runtime.RuntimeInstance.parse(RuntimeInstance.java:993)
	at org.apache.velocity.runtime.RuntimeInstance.parse(RuntimeInstance.java:972)
	at org.apache.velocity.runtime.RuntimeSingleton.parse(RuntimeSingleton.java:265)
	at org.apache.velocity.app.Velocity.evaluate(Velocity.java:274)
	at com.changhong.yuan.weather.WeatherFormatter.format(WeatherFormatter.java:24)
	at com.changhong.yuan.weather.Main.start(Main.java:26)
	at com.changhong.yuan.weather.Main.main(Main.java:40)
Caused by: java.lang.ClassNotFoundException: org.apache.log.format.Formatter
	at java.net.URLClassLoader.findClass(URLClassLoader.java:381)
	at java.lang.ClassLoader.loadClass(ClassLoader.java:424)
	at sun.misc.Launcher$AppClassLoader.loadClass(Launcher.java:331)
	at java.lang.ClassLoader.loadClass(ClassLoader.java:357)
	... 15 more
2015-11-16 16:38:06,722 - Trying to use logger class org.apache.velocity.runtime.log.Log4JLogChute
2015-11-16 16:38:06,722 - Using logger class org.apache.velocity.runtime.log.Log4JLogChute
2015-11-16 16:38:06,726 - Default ResourceManager initializing. (class org.apache.velocity.runtime.resource.ResourceManagerImpl)
2015-11-16 16:38:06,735 - ResourceLoader instantiated: org.apache.velocity.runtime.resource.loader.FileResourceLoader
2015-11-16 16:38:06,737 - Do unicode file recognition:  false
2015-11-16 16:38:06,738 - FileResourceLoader : adding path '.'
2015-11-16 16:38:06,768 - ResourceCache: initialized (class org.apache.velocity.runtime.resource.ResourceCacheImpl)
2015-11-16 16:38:06,774 - Loaded System Directive: org.apache.velocity.runtime.directive.Literal
2015-11-16 16:38:06,777 - Loaded System Directive: org.apache.velocity.runtime.directive.Macro
2015-11-16 16:38:06,781 - Loaded System Directive: org.apache.velocity.runtime.directive.Parse
2015-11-16 16:38:06,784 - Loaded System Directive: org.apache.velocity.runtime.directive.Include
2015-11-16 16:38:06,786 - Loaded System Directive: org.apache.velocity.runtime.directive.Foreach
2015-11-16 16:38:06,838 - Created '20' parsers.
2015-11-16 16:38:06,850 - Velocimacro : "velocimacro.library" is not set.  Trying default library: VM_global_library.vm
2015-11-16 16:38:06,850 - Velocimacro : Default library not found.
2015-11-16 16:38:06,851 - Velocimacro : allowInline = true : VMs can be defined inline in templates
2015-11-16 16:38:06,851 - Velocimacro : allowInlineToOverride = false : VMs defined inline may NOT replace previous VM definitions
2015-11-16 16:38:06,851 - Velocimacro : allowInlineLocal = false : VMs defined inline will be global in scope if allowed.
2015-11-16 16:38:06,851 - Velocimacro : autoload off : VM system will not automatically reload global library macros
2015-11-16 16:38:52,336 - Log4JLogChute initialized using file 'velocity.log'
2015-11-16 16:38:52,337 - Velocity was not initialized! Calling init()...
2015-11-16 16:38:52,337 - Starting Apache Velocity v1.5 (compiled: 2007-02-22 08:52:29)
2015-11-16 16:38:52,337 - Default Properties File: org\apache\velocity\runtime\defaults\velocity.properties
2015-11-16 16:38:52,338 - Trying to use logger class org.apache.velocity.runtime.log.AvalonLogChute
2015-11-16 16:38:52,339 - Couldn't find class org.apache.velocity.runtime.log.AvalonLogChute or necessary supporting classes in classpath.
java.lang.NoClassDefFoundError: org/apache/log/format/Formatter
	at java.lang.Class.forName0(Native Method)
	at java.lang.Class.forName(Class.java:348)
	at org.apache.velocity.util.ClassUtils.getClass(ClassUtils.java:63)
	at org.apache.velocity.util.ClassUtils.getNewInstance(ClassUtils.java:95)
	at org.apache.velocity.runtime.log.LogManager.createLogChute(LogManager.java:147)
	at org.apache.velocity.runtime.log.LogManager.updateLog(LogManager.java:208)
	at org.apache.velocity.runtime.RuntimeInstance.initializeLog(RuntimeInstance.java:728)
	at org.apache.velocity.runtime.RuntimeInstance.init(RuntimeInstance.java:240)
	at org.apache.velocity.runtime.RuntimeInstance.parse(RuntimeInstance.java:993)
	at org.apache.velocity.runtime.RuntimeInstance.parse(RuntimeInstance.java:972)
	at org.apache.velocity.runtime.RuntimeSingleton.parse(RuntimeSingleton.java:265)
	at org.apache.velocity.app.Velocity.evaluate(Velocity.java:274)
	at com.changhong.yuan.weather.WeatherFormatter.format(WeatherFormatter.java:24)
	at com.changhong.yuan.weather.Main.start(Main.java:26)
	at com.changhong.yuan.weather.Main.main(Main.java:40)
Caused by: java.lang.ClassNotFoundException: org.apache.log.format.Formatter
	at java.net.URLClassLoader.findClass(URLClassLoader.java:381)
	at java.lang.ClassLoader.loadClass(ClassLoader.java:424)
	at sun.misc.Launcher$AppClassLoader.loadClass(Launcher.java:331)
	at java.lang.ClassLoader.loadClass(ClassLoader.java:357)
	... 15 more
2015-11-16 16:38:52,345 - Trying to use logger class org.apache.velocity.runtime.log.Log4JLogChute
2015-11-16 16:38:52,345 - Using logger class org.apache.velocity.runtime.log.Log4JLogChute
2015-11-16 16:38:52,348 - Default ResourceManager initializing. (class org.apache.velocity.runtime.resource.ResourceManagerImpl)
2015-11-16 16:38:52,356 - ResourceLoader instantiated: org.apache.velocity.runtime.resource.loader.FileResourceLoader
2015-11-16 16:38:52,359 - Do unicode file recognition:  false
2015-11-16 16:38:52,359 - FileResourceLoader : adding path '.'
2015-11-16 16:38:52,381 - ResourceCache: initialized (class org.apache.velocity.runtime.resource.ResourceCacheImpl)
2015-11-16 16:38:52,383 - Loaded System Directive: org.apache.velocity.runtime.directive.Literal
2015-11-16 16:38:52,386 - Loaded System Directive: org.apache.velocity.runtime.directive.Macro
2015-11-16 16:38:52,388 - Loaded System Directive: org.apache.velocity.runtime.directive.Parse
2015-11-16 16:38:52,390 - Loaded System Directive: org.apache.velocity.runtime.directive.Include
2015-11-16 16:38:52,391 - Loaded System Directive: org.apache.velocity.runtime.directive.Foreach
2015-11-16 16:38:52,435 - Created '20' parsers.
2015-11-16 16:38:52,446 - Velocimacro : "velocimacro.library" is not set.  Trying default library: VM_global_library.vm
2015-11-16 16:38:52,446 - Velocimacro : Default library not found.
2015-11-16 16:38:52,446 - Velocimacro : allowInline = true : VMs can be defined inline in templates
2015-11-16 16:38:52,447 - Velocimacro : allowInlineToOverride = false : VMs defined inline may NOT replace previous VM definitions
2015-11-16 16:38:52,447 - Velocimacro : allowInlineLocal = false : VMs defined inline will be global in scope if allowed.
2015-11-16 16:38:52,447 - Velocimacro : autoload off : VM system will not automatically reload global library macros
2015-11-16 16:39:14,309 - Log4JLogChute initialized using file 'velocity.log'
2015-11-16 16:39:14,310 - Velocity was not initialized! Calling init()...
2015-11-16 16:39:14,310 - Starting Apache Velocity v1.5 (compiled: 2007-02-22 08:52:29)
2015-11-16 16:39:14,311 - Default Properties File: org\apache\velocity\runtime\defaults\velocity.properties
2015-11-16 16:39:14,311 - Trying to use logger class org.apache.velocity.runtime.log.AvalonLogChute
2015-11-16 16:39:14,312 - Couldn't find class org.apache.velocity.runtime.log.AvalonLogChute or necessary supporting classes in classpath.
java.lang.NoClassDefFoundError: org/apache/log/format/Formatter
	at java.lang.Class.forName0(Native Method)
	at java.lang.Class.forName(Class.java:348)
	at org.apache.velocity.util.ClassUtils.getClass(ClassUtils.java:63)
	at org.apache.velocity.util.ClassUtils.getNewInstance(ClassUtils.java:95)
	at org.apache.velocity.runtime.log.LogManager.createLogChute(LogManager.java:147)
	at org.apache.velocity.runtime.log.LogManager.updateLog(LogManager.java:208)
	at org.apache.velocity.runtime.RuntimeInstance.initializeLog(RuntimeInstance.java:728)
	at org.apache.velocity.runtime.RuntimeInstance.init(RuntimeInstance.java:240)
	at org.apache.velocity.runtime.RuntimeInstance.parse(RuntimeInstance.java:993)
	at org.apache.velocity.runtime.RuntimeInstance.parse(RuntimeInstance.java:972)
	at org.apache.velocity.runtime.RuntimeSingleton.parse(RuntimeSingleton.java:265)
	at org.apache.velocity.app.Velocity.evaluate(Velocity.java:274)
	at com.changhong.yuan.weather.WeatherFormatter.format(WeatherFormatter.java:24)
	at com.changhong.yuan.weather.Main.start(Main.java:26)
	at com.changhong.yuan.weather.Main.main(Main.java:40)
Caused by: java.lang.ClassNotFoundException: org.apache.log.format.Formatter
	at java.net.URLClassLoader.findClass(URLClassLoader.java:381)
	at java.lang.ClassLoader.loadClass(ClassLoader.java:424)
	at sun.misc.Launcher$AppClassLoader.loadClass(Launcher.java:331)
	at java.lang.ClassLoader.loadClass(ClassLoader.java:357)
	... 15 more
2015-11-16 16:39:14,320 - Trying to use logger class org.apache.velocity.runtime.log.Log4JLogChute
2015-11-16 16:39:14,320 - Using logger class org.apache.velocity.runtime.log.Log4JLogChute
2015-11-16 16:39:14,324 - Default ResourceManager initializing. (class org.apache.velocity.runtime.resource.ResourceManagerImpl)
2015-11-16 16:39:14,333 - ResourceLoader instantiated: org.apache.velocity.runtime.resource.loader.FileResourceLoader
2015-11-16 16:39:14,336 - Do unicode file recognition:  false
2015-11-16 16:39:14,336 - FileResourceLoader : adding path '.'
2015-11-16 16:39:14,372 - ResourceCache: initialized (class org.apache.velocity.runtime.resource.ResourceCacheImpl)
2015-11-16 16:39:14,375 - Loaded System Directive: org.apache.velocity.runtime.directive.Literal
2015-11-16 16:39:14,378 - Loaded System Directive: org.apache.velocity.runtime.directive.Macro
2015-11-16 16:39:14,385 - Loaded System Directive: org.apache.velocity.runtime.directive.Parse
2015-11-16 16:39:14,388 - Loaded System Directive: org.apache.velocity.runtime.directive.Include
2015-11-16 16:39:14,390 - Loaded System Directive: org.apache.velocity.runtime.directive.Foreach
2015-11-16 16:39:14,449 - Created '20' parsers.
2015-11-16 16:39:14,463 - Velocimacro : "velocimacro.library" is not set.  Trying default library: VM_global_library.vm
2015-11-16 16:39:14,464 - Velocimacro : Default library not found.
2015-11-16 16:39:14,464 - Velocimacro : allowInline = true : VMs can be defined inline in templates
2015-11-16 16:39:14,464 - Velocimacro : allowInlineToOverride = false : VMs defined inline may NOT replace previous VM definitions
2015-11-16 16:39:14,464 - Velocimacro : allowInlineLocal = false : VMs defined inline will be global in scope if allowed.
2015-11-16 16:39:14,464 - Velocimacro : autoload off : VM system will not automatically reload global library macros
2015-11-16 16:52:14,543 - Log4JLogChute initialized using file 'velocity.log'
2015-11-16 16:52:14,543 - Velocity was not initialized! Calling init()...
2015-11-16 16:52:14,543 - Starting Apache Velocity v1.5 (compiled: 2007-02-22 08:52:29)
2015-11-16 16:52:14,544 - Default Properties File: org\apache\velocity\runtime\defaults\velocity.properties
2015-11-16 16:52:14,544 - Trying to use logger class org.apache.velocity.runtime.log.AvalonLogChute
2015-11-16 16:52:14,545 - Couldn't find class org.apache.velocity.runtime.log.AvalonLogChute or necessary supporting classes in classpath.
java.lang.NoClassDefFoundError: org/apache/log/format/Formatter
	at java.lang.Class.forName0(Native Method)
	at java.lang.Class.forName(Class.java:348)
	at org.apache.velocity.util.ClassUtils.getClass(ClassUtils.java:63)
	at org.apache.velocity.util.ClassUtils.getNewInstance(ClassUtils.java:95)
	at org.apache.velocity.runtime.log.LogManager.createLogChute(LogManager.java:147)
	at org.apache.velocity.runtime.log.LogManager.updateLog(LogManager.java:208)
	at org.apache.velocity.runtime.RuntimeInstance.initializeLog(RuntimeInstance.java:728)
	at org.apache.velocity.runtime.RuntimeInstance.init(RuntimeInstance.java:240)
	at org.apache.velocity.runtime.RuntimeInstance.parse(RuntimeInstance.java:993)
	at org.apache.velocity.runtime.RuntimeInstance.parse(RuntimeInstance.java:972)
	at org.apache.velocity.runtime.RuntimeSingleton.parse(RuntimeSingleton.java:265)
	at org.apache.velocity.app.Velocity.evaluate(Velocity.java:274)
	at com.changhong.yuan.weather.WeatherFormatter.format(WeatherFormatter.java:24)
	at com.changhong.yuan.weather.Main.start(Main.java:26)
	at com.changhong.yuan.weather.Main.main(Main.java:40)
	at sun.reflect.NativeMethodAccessorImpl.invoke0(Native Method)
	at sun.reflect.NativeMethodAccessorImpl.invoke(NativeMethodAccessorImpl.java:62)
	at sun.reflect.DelegatingMethodAccessorImpl.invoke(DelegatingMethodAccessorImpl.java:43)
	at java.lang.reflect.Method.invoke(Method.java:497)
	at org.codehaus.mojo.exec.ExecJavaMojo$1.run(ExecJavaMojo.java:293)
	at java.lang.Thread.run(Thread.java:745)
Caused by: java.lang.ClassNotFoundException: org.apache.log.format.Formatter
	at java.net.URLClassLoader.findClass(URLClassLoader.java:381)
	at java.lang.ClassLoader.loadClass(ClassLoader.java:424)
	at java.lang.ClassLoader.loadClass(ClassLoader.java:357)
	... 21 more
2015-11-16 16:52:14,548 - Trying to use logger class org.apache.velocity.runtime.log.Log4JLogChute
2015-11-16 16:52:14,548 - Using logger class org.apache.velocity.runtime.log.Log4JLogChute
2015-11-16 16:52:14,552 - Default ResourceManager initializing. (class org.apache.velocity.runtime.resource.ResourceManagerImpl)
2015-11-16 16:52:14,557 - ResourceLoader instantiated: org.apache.velocity.runtime.resource.loader.FileResourceLoader
2015-11-16 16:52:14,559 - Do unicode file recognition:  false
2015-11-16 16:52:14,559 - FileResourceLoader : adding path '.'
2015-11-16 16:52:14,576 - ResourceCache: initialized (class org.apache.velocity.runtime.resource.ResourceCacheImpl)
2015-11-16 16:52:14,578 - Loaded System Directive: org.apache.velocity.runtime.directive.Literal
2015-11-16 16:52:14,580 - Loaded System Directive: org.apache.velocity.runtime.directive.Macro
2015-11-16 16:52:14,583 - Loaded System Directive: org.apache.velocity.runtime.directive.Parse
2015-11-16 16:52:14,586 - Loaded System Directive: org.apache.velocity.runtime.directive.Include
2015-11-16 16:52:14,587 - Loaded System Directive: org.apache.velocity.runtime.directive.Foreach
2015-11-16 16:52:14,635 - Created '20' parsers.
2015-11-16 16:52:14,642 - Velocimacro : "velocimacro.library" is not set.  Trying default library: VM_global_library.vm
2015-11-16 16:52:14,643 - Velocimacro : Default library not found.
2015-11-16 16:52:14,644 - Velocimacro : allowInline = true : VMs can be defined inline in templates
2015-11-16 16:52:14,644 - Velocimacro : allowInlineToOverride = false : VMs defined inline may NOT replace previous VM definitions
2015-11-16 16:52:14,644 - Velocimacro : allowInlineLocal = false : VMs defined inline will be global in scope if allowed.
2015-11-16 16:52:14,644 - Velocimacro : autoload off : VM system will not automatically reload global library macros
